<?xml version="1.0" encoding="UTF-8"?>
<testsuite xmlns:xsi="http://www.w3.org/2001/XMLSchema-instance" xsi:noNamespaceSchemaLocation="https://maven.apache.org/surefire/maven-surefire-plugin/xsd/surefire-test-report.xsd" name="com.company.project.CompanyFrameApplicationTests" time="6.599" tests="2" errors="0" skipped="0" failures="0">
  <properties>
[...]
</properties>
  <testcase name="testInsert" classname="com.company.project.CompanyFrameApplicationTests" time="0.237"/>
  <testcase name="insertStudent" classname="com.company.project.CompanyFrameApplicationTests" time="1.061"/>
</testsuite>